<?xml version="1.0" encoding="UTF-8"?>
<!-- Generated by org.testng.reporters.JUnitXMLReporter -->
<testsuite hostname="welcome-PC" ignored="0" name="Default test" tests="4" failures="0" timestamp="08 Jun 2019 04:30:14 GMT" time="35.318" errors="0">
  <testcase name="halfEbayRegTestPage" time="1.686" classname="com.dataDriven.halfEbayTest"/>
  <testcase name="halfEbayRegTestPage" time="1.664" classname="com.dataDriven.halfEbayTest"/>
  <testcase name="halfEbayRegTestPage" time="2.683" classname="com.dataDriven.halfEbayTest"/>
  <testcase name="halfEbayRegTestPage" time="2.207" classname="com.dataDriven.halfEbayTest"/>
</testsuite> <!-- Default test -->
