<?xml version="1.0" encoding="UTF-8"?>
<testng-results skipped="0" failed="0" ignored="0" total="1" passed="1">
  <reporter-output>
  </reporter-output>
  <suite name="Default suite" duration-ms="40173" started-at="2019-06-29T15:47:35Z" finished-at="2019-06-29T15:48:15Z">
    <groups>
    </groups>
    <test name="Default test" duration-ms="40173" started-at="2019-06-29T15:47:35Z" finished-at="2019-06-29T15:48:15Z">
      <class name="advanceSeleniumConcepts.DownloadFileConcept">
        <test-method status="PASS" signature="setUp()[pri:0, instance:advanceSeleniumConcepts.DownloadFileConcept@5bb21b69]" name="setUp" is-config="true" duration-ms="23900" started-at="2019-06-29T15:47:35Z" finished-at="2019-06-29T15:47:59Z">
          <reporter-output>
          </reporter-output>
        </test-method> <!-- setUp -->
        <test-method status="PASS" signature="downloadFileTest()[pri:0, instance:advanceSeleniumConcepts.DownloadFileConcept@5bb21b69]" name="downloadFileTest" duration-ms="13554" started-at="2019-06-29T15:47:59Z" finished-at="2019-06-29T15:48:13Z">
          <reporter-output>
          </reporter-output>
        </test-method> <!-- downloadFileTest -->
        <test-method status="PASS" signature="tearDown()[pri:0, instance:advanceSeleniumConcepts.DownloadFileConcept@5bb21b69]" name="tearDown" is-config="true" duration-ms="2265" started-at="2019-06-29T15:48:13Z" finished-at="2019-06-29T15:48:15Z">
          <reporter-output>
          </reporter-output>
        </test-method> <!-- tearDown -->
      </class> <!-- advanceSeleniumConcepts.DownloadFileConcept -->
    </test> <!-- Default test -->
  </suite> <!-- Default suite -->
</testng-results>
