<?xml version="1.0" encoding="UTF-8"?>
<!-- Generated by org.testng.reporters.JUnitXMLReporter -->
<testsuite hostname="welcome-PC" ignored="0" name="Test Dependency" tests="4" failures="1" timestamp="06 May 2019 21:16:35 GMT" time="41.267" errors="0">
  <testcase name="getTitle" time="0.135" classname="testNG.TestNGAssertion"/>
  <testcase name="testEquality" time="0.018" classname="testNG.TestNGAssertion">
    <failure type="java.lang.AssertionError" message="expected [false] but found [true]">
      <![CDATA[java.lang.AssertionError: expected [false] but found [true]
at testNG.TestNGAssertion.testEquality(TestNGAssertion.java:33)
at java.util.concurrent.ThreadPoolExecutor.runWorker(Unknown Source)
at java.util.concurrent.ThreadPoolExecutor$Worker.run(Unknown Source)
at java.lang.Thread.run(Unknown Source)
... Removed 16 stack frames]]>
    </failure>
  </testcase> <!-- testEquality -->
  <testcase name="openBrowser" time="18.573" classname="testNG.TestDependencyUsingFB"/>
  <testcase name="loginToFB" time="5.145" classname="testNG.TestDependencyUsingFB"/>
</testsuite> <!-- Test Dependency -->
